[debug] [2018-03-11T05:55:47.542Z] ----------------------------------------------------------------------
[debug] [2018-03-11T05:55:47.544Z] Command:       /Users/moritanaoki/.nodebrew/node/v8.10.0/bin/node /Users/moritanaoki/.nodebrew/current/bin/firebase serve
[debug] [2018-03-11T05:55:47.544Z] CLI Version:   3.17.6
[debug] [2018-03-11T05:55:47.544Z] Platform:      darwin
[debug] [2018-03-11T05:55:47.544Z] Node Version:  v8.10.0
[debug] [2018-03-11T05:55:47.545Z] Time:          Sun Mar 11 2018 14:55:47 GMT+0900 (JST)
[debug] [2018-03-11T05:55:47.545Z] ----------------------------------------------------------------------
[debug] 
[debug] [2018-03-11T05:55:47.555Z] > command requires scopes: ["email","openid","https://www.googleapis.com/auth/cloudplatformprojects.readonly","https://www.googleapis.com/auth/firebase","https://www.googleapis.com/auth/cloud-platform"]
[debug] [2018-03-11T05:55:47.555Z] > authorizing via signed-in user
[debug] [2018-03-11T05:55:47.557Z] >>> HTTP REQUEST GET https://admin.firebase.com/v1/projects/friendlyeats-web-21859  
  
 Sun Mar 11 2018 14:55:47 GMT+0900 (JST)
[debug] [2018-03-11T05:55:49.060Z] <<< HTTP RESPONSE 200
[debug] [2018-03-11T05:55:49.061Z] >>> HTTP REQUEST GET https://admin.firebase.com/v1/database/friendlyeats-web-21859/tokens  
  
 Sun Mar 11 2018 14:55:49 GMT+0900 (JST)
[debug] [2018-03-11T05:55:50.529Z] <<< HTTP RESPONSE 200
[debug] [2018-03-11T05:55:50.530Z] >>> HTTP REQUEST GET https://cloudresourcemanager.googleapis.com/v1/projects/friendlyeats-web-21859  
  
 Sun Mar 11 2018 14:55:50 GMT+0900 (JST)
[debug] [2018-03-11T05:55:51.905Z] <<< HTTP RESPONSE 200
[info] 
[info] === Serving from '/Users/moritanaoki/dev/github/friendlyeats-web'...
[info] 
[debug] [2018-03-11T05:55:51.907Z] >>> HTTP REQUEST GET https://mobilesdk-pa.googleapis.com/v1/projects/949320505546/clients/_:getWebAppConfig  
  
 Sun Mar 11 2018 14:55:51 GMT+0900 (JST)
[debug] [2018-03-11T05:55:53.292Z] <<< HTTP RESPONSE 200
[info] i  hosting: Serving hosting files from: ./
[info] ✔  hosting: Local server: http://localhost:5000

